<?xml version="1.0" encoding="UTF-8"?>
<testsuite xmlns:xsi="http://www.w3.org/2001/XMLSchema-instance" xsi:noNamespaceSchemaLocation="https://maven.apache.org/surefire/maven-surefire-plugin/xsd/surefire-test-report.xsd" name="com.wipro.libraryportal.service.IssueServiceTest" time="0.051" tests="9" errors="0" skipped="0" failures="0">
  <properties>
[...]
</properties>
  <testcase name="testFindIssueById" classname="com.wipro.libraryportal.service.IssueServiceTest" time="0.005"/>
  <testcase name="testUpdateIssueStatus" classname="com.wipro.libraryportal.service.IssueServiceTest" time="0.003"/>
  <testcase name="testCurrentlyIssued" classname="com.wipro.libraryportal.service.IssueServiceTest" time="0.003"/>
  <testcase name="testGetAllIssues" classname="com.wipro.libraryportal.service.IssueServiceTest" time="0.004"/>
  <testcase name="testGetMyIssues" classname="com.wipro.libraryportal.service.IssueServiceTest" time="0.004"/>
  <testcase name="testCurrentlyIssued2" classname="com.wipro.libraryportal.service.IssueServiceTest" time="0.005"/>
  <testcase name="testSaveIssue" classname="com.wipro.libraryportal.service.IssueServiceTest" time="0.004"/>
  <testcase name="testCheckBookAvailibilityWithMember" classname="com.wipro.libraryportal.service.IssueServiceTest" time="0.005"/>
  <testcase name="testCheckBookAvailibilityWithMember2" classname="com.wipro.libraryportal.service.IssueServiceTest" time="0.003"/>
</testsuite>